<?xml version="1.0" encoding="UTF-8"?>
<!-- Generated by org.testng.reporters.JUnitXMLReporter -->
<testsuite hostname="Lenovo" ignored="0" name="Test" tests="3" failures="0" timestamp="23 Nov 2018 11:18:38 GMT" time="69.95" errors="0">
  <testcase name="CheckOutBank" time="27.571" classname="com.raisin.challenge.CheckOutBank"/>
  <testcase name="EasyAccessTest" time="16.518" classname="com.raisin.challenge.EasyAccessOffers"/>
  <testcase name="RegisterOffer" time="21.293" classname="com.raisin.challenge.RegisterOffer"/>
</testsuite> <!-- Test -->
